#
# There is insufficient memory for the Java Runtime Environment to continue.
# Native memory allocation (malloc) failed to allocate 1306096 bytes for Chunk::new
# Possible reasons:
#   The system is out of physical RAM or swap space
#   The process is running with CompressedOops enabled, and the Java Heap may be blocking the growth of the native heap
# Possible solutions:
#   Reduce memory load on the system
#   Increase physical memory or swap space
#   Check if swap backing store is full
#   Decrease Java heap size (-Xmx/-Xms)
#   Decrease number of Java threads
#   Decrease Java thread stack sizes (-Xss)
#   Set larger code cache with -XX:ReservedCodeCacheSize=
#   JVM is running with Unscaled Compressed Oops mode in which the Java heap is
#     placed in the first 4GB address space. The Java Heap base address is the
#     maximum limit for the native heap growth. Please use -XX:HeapBaseMinAddress
#     to set the Java Heap base and to place the Java Heap above 4GB virtual address.
# This output file may be truncated or incomplete.
#
#  Out of Memory Error (./src/hotspot/share/memory/arena.cpp:197), pid=136492, tid=213404
#
# JRE version: OpenJDK Runtime Environment (11.0.13) (build 11.0.13+0-b1751.21-8125866)
# Java VM: OpenJDK 64-Bit Server VM (11.0.13+0-b1751.21-8125866, mixed mode, tiered, compressed oops, g1 gc, windows-amd64)
# No core dump will be written. Minidumps are not enabled by default on client versions of Windows
#

---------------  S U M M A R Y ------------

Command Line: --add-opens=java.base/java.util=ALL-UNNAMED --add-opens=java.base/java.lang=ALL-UNNAMED --add-opens=java.base/java.lang.invoke=ALL-UNNAMED --add-opens=java.base/java.util=ALL-UNNAMED --add-opens=java.prefs/java.util.prefs=ALL-UNNAMED --add-opens=java.prefs/java.util.prefs=ALL-UNNAMED --add-opens=java.base/java.nio.charset=ALL-UNNAMED --add-opens=java.base/java.net=ALL-UNNAMED --add-opens=java.base/java.util.concurrent.atomic=ALL-UNNAMED -Xmx2048m -Dfile.encoding=UTF-8 -Duser.country=IN -Duser.language=en -Duser.variant org.gradle.launcher.daemon.bootstrap.GradleDaemon 7.4

Host: 11th Gen Intel(R) Core(TM) i5-1135G7 @ 2.40GHz, 8 cores, 15G,  Windows 11 , 64 bit Build 22000 (10.0.22000.708)
Time: Tue Nov  1 23:52:59 2022 India Standard Time elapsed time: 1.987937 seconds (0d 0h 0m 1s)

---------------  T H R E A D  ---------------

Current thread (0x000002bf4407a000):  JavaThread "C2 CompilerThread1" daemon [_thread_in_native, id=213404, stack(0x000000e926000000,0x000000e926100000)]


Current CompileTask:
C2:   1987 1928   !   4       java.lang.ClassLoader::loadClass (122 bytes)

Stack: [0x000000e926000000,0x000000e926100000]
Native frames: (J=compiled Java code, j=interpreted, Vv=VM code, C=native code)
V  [jvm.dll+0x6100fa]
V  [jvm.dll+0x747090]
V  [jvm.dll+0x7486ad]
V  [jvm.dll+0x748d83]
V  [jvm.dll+0x24ab48]
V  [jvm.dll+0xc04dc]
V  [jvm.dll+0xc0a0c]
V  [jvm.dll+0x35eb5b]
V  [jvm.dll+0x32b833]
V  [jvm.dll+0x32ad2a]
V  [jvm.dll+0x2032b2]
V  [jvm.dll+0x202437]
V  [jvm.dll+0x188e01]
V  [jvm.dll+0x21106b]
V  [jvm.dll+0x20f8c1]
V  [jvm.dll+0x70de0f]
V  [jvm.dll+0x706a75]
V  [jvm.dll+0x60ed66]
C  [ucrtbase.dll+0x26c0c]
C  [KERNEL32.DLL+0x154e0]
C  [ntdll.dll+0x485b]


---------------  P R O C E S S  ---------------

Threads class SMR info:
_java_thread_list=0x000002bf4392fb00, length=24, elements={
0x000002bf265ae000, 0x000002bf412cb800, 0x000002bf412d7000, 0x000002bf41332800,
0x000002bf41333800, 0x000002bf41334800, 0x000002bf41336000, 0x000002bf4133b000,
0x000002bf4133c000, 0x000002bf414a4000, 0x000002bf42efa800, 0x000002bf43d11000,
0x000002bf42b79000, 0x000002bf428ac800, 0x000002bf43a74000, 0x000002bf438f6000,
0x000002bf433d8800, 0x000002bf43649000, 0x000002bf440b5000, 0x000002bf437ae800,
0x000002bf4407a000, 0x000002bf43acb800, 0x000002bf43acf000, 0x000002bf43ad0000
}

Java Threads: ( => current thread )
  0x000002bf265ae000 JavaThread "main" [_thread_blocked, id=220452, stack(0x000000e924000000,0x000000e924100000)]
  0x000002bf412cb800 JavaThread "Reference Handler" daemon [_thread_blocked, id=213000, stack(0x000000e924700000,0x000000e924800000)]
  0x000002bf412d7000 JavaThread "Finalizer" daemon [_thread_blocked, id=220560, stack(0x000000e924800000,0x000000e924900000)]
  0x000002bf41332800 JavaThread "Signal Dispatcher" daemon [_thread_blocked, id=225540, stack(0x000000e924900000,0x000000e924a00000)]
  0x000002bf41333800 JavaThread "Attach Listener" daemon [_thread_blocked, id=218616, stack(0x000000e924a00000,0x000000e924b00000)]
  0x000002bf41334800 JavaThread "Service Thread" daemon [_thread_blocked, id=203816, stack(0x000000e924b00000,0x000000e924c00000)]
  0x000002bf41336000 JavaThread "C2 CompilerThread0" daemon [_thread_in_native, id=224228, stack(0x000000e924c00000,0x000000e924d00000)]
  0x000002bf4133b000 JavaThread "C1 CompilerThread0" daemon [_thread_blocked, id=226556, stack(0x000000e924d00000,0x000000e924e00000)]
  0x000002bf4133c000 JavaThread "Sweeper thread" daemon [_thread_blocked, id=199936, stack(0x000000e924e00000,0x000000e924f00000)]
  0x000002bf414a4000 JavaThread "Common-Cleaner" daemon [_thread_blocked, id=227684, stack(0x000000e924f00000,0x000000e925000000)]
  0x000002bf42efa800 JavaThread "Daemon health stats" [_thread_blocked, id=221624, stack(0x000000e925700000,0x000000e925800000)]
  0x000002bf43d11000 JavaThread "Incoming local TCP Connector on port 60646" [_thread_in_native, id=206892, stack(0x000000e925100000,0x000000e925200000)]
  0x000002bf42b79000 JavaThread "Daemon periodic checks" [_thread_blocked, id=224608, stack(0x000000e925800000,0x000000e925900000)]
  0x000002bf428ac800 JavaThread "Daemon" [_thread_blocked, id=215632, stack(0x000000e925900000,0x000000e925a00000)]
  0x000002bf43a74000 JavaThread "Handler for socket connection from /127.0.0.1:60646 to /127.0.0.1:60647" [_thread_in_native, id=226396, stack(0x000000e925a00000,0x000000e925b00000)]
  0x000002bf438f6000 JavaThread "Cancel handler" [_thread_blocked, id=216452, stack(0x000000e925b00000,0x000000e925c00000)]
  0x000002bf433d8800 JavaThread "Daemon worker" [_thread_in_native, id=226828, stack(0x000000e925c00000,0x000000e925d00000)]
  0x000002bf43649000 JavaThread "Asynchronous log dispatcher for DefaultDaemonConnection: socket connection from /127.0.0.1:60646 to /127.0.0.1:60647" [_thread_blocked, id=225048, stack(0x000000e925d00000,0x000000e925e00000)]
  0x000002bf440b5000 JavaThread "Stdin handler" [_thread_blocked, id=224024, stack(0x000000e925e00000,0x000000e925f00000)]
  0x000002bf437ae800 JavaThread "Daemon client event forwarder" [_thread_blocked, id=226032, stack(0x000000e925f00000,0x000000e926000000)]
=>0x000002bf4407a000 JavaThread "C2 CompilerThread1" daemon [_thread_in_native, id=213404, stack(0x000000e926000000,0x000000e926100000)]
  0x000002bf43acb800 JavaThread "Cache worker for journal cache (C:\Users\Anish's Laptop\.gradle\caches\journal-1)" [_thread_blocked, id=205068, stack(0x000000e926100000,0x000000e926200000)]
  0x000002bf43acf000 JavaThread "File lock request listener" [_thread_in_native, id=226240, stack(0x000000e926200000,0x000000e926300000)]
  0x000002bf43ad0000 JavaThread "Cache worker for file hash cache (C:\Users\Anish's Laptop\.gradle\caches\7.4\fileHashes)" [_thread_blocked, id=219108, stack(0x000000e926300000,0x000000e926400000)]

Other Threads:
  0x000002bf412c9800 VMThread "VM Thread" [stack: 0x000000e924600000,0x000000e924700000] [id=196316]
  0x000002bf4151c000 WatcherThread [stack: 0x000000e925000000,0x000000e925100000] [id=221784]
  0x000002bf265c7000 GCTaskThread "GC Thread#0" [stack: 0x000000e924100000,0x000000e924200000] [id=223084]
  0x000002bf4231b800 GCTaskThread "GC Thread#1" [stack: 0x000000e925200000,0x000000e925300000] [id=223416]
  0x000002bf4246e000 GCTaskThread "GC Thread#2" [stack: 0x000000e925300000,0x000000e925400000] [id=175108]
  0x000002bf4246e800 GCTaskThread "GC Thread#3" [stack: 0x000000e925400000,0x000000e925500000] [id=225968]
  0x000002bf418c4000 GCTaskThread "GC Thread#4" [stack: 0x000000e925500000,0x000000e925600000] [id=228044]
  0x000002bf4236c800 GCTaskThread "GC Thread#5" [stack: 0x000000e925600000,0x000000e925700000] [id=208660]
  0x000002bf4412d800 GCTaskThread "GC Thread#6" [stack: 0x000000e926400000,0x000000e926500000] [id=198744]
  0x000002bf4366e800 GCTaskThread "GC Thread#7" [stack: 0x000000e926500000,0x000000e926600000] [id=228212]
  0x000002bf26601000 ConcurrentGCThread "G1 Main Marker" [stack: 0x000000e924200000,0x000000e924300000] [id=199268]
  0x000002bf26603800 ConcurrentGCThread "G1 Conc#0" [stack: 0x000000e924300000,0x000000e924400000] [id=5468]
  0x000002bf42f5e800 ConcurrentGCThread "G1 Conc#1" [stack: 0x000000e926600000,0x000000e926700000] [id=220180]
  0x000002bf40913000 ConcurrentGCThread "G1 Refine#0" [stack: 0x000000e924400000,0x000000e924500000] [id=227616]
  0x000002bf40916000 ConcurrentGCThread "G1 Young RemSet Sampling" [stack: 0x000000e924500000,0x000000e924600000] [id=227440]

Threads with active compile tasks:
C2 CompilerThread1   2007 1928   !   4       java.lang.ClassLoader::loadClass (122 bytes)

VM state:not at safepoint (normal execution)

VM Mutex/Monitor currently owned by a thread: None

Heap address: 0x0000000080000000, size: 2048 MB, Compressed Oops mode: 32-bit
Narrow klass base: 0x0000000000000000, Narrow klass shift: 3
Compressed class space size: 1073741824 Address: 0x0000000100000000

Heap:
 garbage-first heap   total 260096K, used 21290K [0x0000000080000000, 0x0000000100000000)
  region size 1024K, 16 young (16384K), 11 survivors (11264K)
 Metaspace       used 21364K, capacity 21872K, committed 22268K, reserved 1069056K
  class space    used 2631K, capacity 2833K, committed 2944K, reserved 1048576K
Heap Regions: E=young(eden), S=young(survivor), O=old, HS=humongous(starts), HC=humongous(continues), CS=collection set, F=free, A=archive, TAMS=top-at-mark-start (previous, next)
|   0|0x0000000080000000, 0x0000000080000000, 0x0000000080100000|  0%| F|  |TAMS 0x0000000080000000, 0x0000000080000000| Untracked 
|   1|0x0000000080100000, 0x0000000080100000, 0x0000000080200000|  0%| F|  |TAMS 0x0000000080100000, 0x0000000080100000| Untracked 
|   2|0x0000000080200000, 0x0000000080200000, 0x0000000080300000|  0%| F|  |TAMS 0x0000000080200000, 0x0000000080200000| Untracked 
|   3|0x0000000080300000, 0x0000000080400000, 0x0000000080400000|100%|HS|  |TAMS 0x0000000080400000, 0x0000000080300000| Complete 
|   4|0x0000000080400000, 0x0000000080500000, 0x0000000080500000|100%|HC|  |TAMS 0x0000000080500000, 0x0000000080400000| Complete 
|   5|0x0000000080500000, 0x0000000080600000, 0x0000000080600000|100%|HC|  |TAMS 0x0000000080600000, 0x0000000080500000| Complete 
|   6|0x0000000080600000, 0x0000000080700000, 0x0000000080700000|100%| O|  |TAMS 0x0000000080700000, 0x0000000080600000| Untracked 
|   7|0x0000000080700000, 0x0000000080800000, 0x0000000080800000|100%| O|  |TAMS 0x0000000080800000, 0x0000000080700000| Untracked 
|   8|0x0000000080800000, 0x0000000080900000, 0x0000000080900000|100%| O|  |TAMS 0x0000000080900000, 0x0000000080800000| Untracked 
|   9|0x0000000080900000, 0x000000008090f200, 0x0000000080a00000|  5%| O|  |TAMS 0x000000008090f200, 0x0000000080900000| Untracked 
|  10|0x0000000080a00000, 0x0000000080a00000, 0x0000000080b00000|  0%| F|  |TAMS 0x0000000080a00000, 0x0000000080a00000| Untracked 
|  11|0x0000000080b00000, 0x0000000080b00000, 0x0000000080c00000|  0%| F|  |TAMS 0x0000000080b00000, 0x0000000080b00000| Untracked 
|  12|0x0000000080c00000, 0x0000000080c00000, 0x0000000080d00000|  0%| F|  |TAMS 0x0000000080c00000, 0x0000000080c00000| Untracked 
|  13|0x0000000080d00000, 0x0000000080d00000, 0x0000000080e00000|  0%| F|  |TAMS 0x0000000080d00000, 0x0000000080d00000| Untracked 
|  14|0x0000000080e00000, 0x0000000080e00000, 0x0000000080f00000|  0%| F|  |TAMS 0x0000000080e00000, 0x0000000080e00000| Untracked 
|  15|0x0000000080f00000, 0x0000000080f00000, 0x0000000081000000|  0%| F|  |TAMS 0x0000000080f00000, 0x0000000080f00000| Untracked 
|  16|0x0000000081000000, 0x0000000081000000, 0x0000000081100000|  0%| F|  |TAMS 0x0000000081000000, 0x0000000081000000| Untracked 
|  17|0x0000000081100000, 0x0000000081100000, 0x0000000081200000|  0%| F|  |TAMS 0x0000000081100000, 0x0000000081100000| Untracked 
|  18|0x0000000081200000, 0x0000000081200000, 0x0000000081300000|  0%| F|  |TAMS 0x0000000081200000, 0x0000000081200000| Untracked 
|  19|0x0000000081300000, 0x0000000081300000, 0x0000000081400000|  0%| F|  |TAMS 0x0000000081300000, 0x0000000081300000| Untracked 
|  20|0x0000000081400000, 0x0000000081400000, 0x0000000081500000|  0%| F|  |TAMS 0x0000000081400000, 0x0000000081400000| Untracked 
|  21|0x0000000081500000, 0x0000000081500000, 0x0000000081600000|  0%| F|  |TAMS 0x0000000081500000, 0x0000000081500000| Untracked 
|  22|0x0000000081600000, 0x0000000081600000, 0x0000000081700000|  0%| F|  |TAMS 0x0000000081600000, 0x0000000081600000| Untracked 
|  23|0x0000000081700000, 0x0000000081700000, 0x0000000081800000|  0%| F|  |TAMS 0x0000000081700000, 0x0000000081700000| Untracked 
|  24|0x0000000081800000, 0x0000000081800000, 0x0000000081900000|  0%| F|  |TAMS 0x0000000081800000, 0x0000000081800000| Untracked 
|  25|0x0000000081900000, 0x0000000081900000, 0x0000000081a00000|  0%| F|  |TAMS 0x0000000081900000, 0x0000000081900000| Untracked 
|  26|0x0000000081a00000, 0x0000000081a00000, 0x0000000081b00000|  0%| F|  |TAMS 0x0000000081a00000, 0x0000000081a00000| Untracked 
|  27|0x0000000081b00000, 0x0000000081b00000, 0x0000000081c00000|  0%| F|  |TAMS 0x0000000081b00000, 0x0000000081b00000| Untracked 
|  28|0x0000000081c00000, 0x0000000081c00000, 0x0000000081d00000|  0%| F|  |TAMS 0x0000000081c00000, 0x0000000081c00000| Untracked 
|  29|0x0000000081d00000, 0x0000000081d00000, 0x0000000081e00000|  0%| F|  |TAMS 0x0000000081d00000, 0x0000000081d00000| Untracked 
|  30|0x0000000081e00000, 0x0000000081e00000, 0x0000000081f00000|  0%| F|  |TAMS 0x0000000081e00000, 0x0000000081e00000| Untracked 
|  31|0x0000000081f00000, 0x0000000081f00000, 0x0000000082000000|  0%| F|  |TAMS 0x0000000081f00000, 0x0000000081f00000| Untracked 
|  32|0x0000000082000000, 0x0000000082000000, 0x0000000082100000|  0%| F|  |TAMS 0x0000000082000000, 0x0000000082000000| Untracked 
|  33|0x0000000082100000, 0x0000000082100000, 0x0000000082200000|  0%| F|  |TAMS 0x0000000082100000, 0x0000000082100000| Untracked 
|  34|0x0000000082200000, 0x0000000082200000, 0x0000000082300000|  0%| F|  |TAMS 0x0000000082200000, 0x0000000082200000| Untracked 
|  35|0x0000000082300000, 0x0000000082300000, 0x0000000082400000|  0%| F|  |TAMS 0x0000000082300000, 0x0000000082300000| Untracked 
|  36|0x0000000082400000, 0x0000000082400000, 0x0000000082500000|  0%| F|  |TAMS 0x0000000082400000, 0x0000000082400000| Untracked 
|  37|0x0000000082500000, 0x0000000082500000, 0x0000000082600000|  0%| F|  |TAMS 0x0000000082500000, 0x0000000082500000| Untracked 
|  38|0x0000000082600000, 0x0000000082600000, 0x0000000082700000|  0%| F|  |TAMS 0x0000000082600000, 0x0000000082600000| Untracked 
|  39|0x0000000082700000, 0x0000000082700000, 0x0000000082800000|  0%| F|  |TAMS 0x0000000082700000, 0x0000000082700000| Untracked 
|  40|0x0000000082800000, 0x0000000082800000, 0x0000000082900000|  0%| F|  |TAMS 0x0000000082800000, 0x0000000082800000| Untracked 
|  41|0x0000000082900000, 0x0000000082900000, 0x0000000082a00000|  0%| F|  |TAMS 0x0000000082900000, 0x0000000082900000| Untracked 
|  42|0x0000000082a00000, 0x0000000082a00000, 0x0000000082b00000|  0%| F|  |TAMS 0x0000000082a00000, 0x0000000082a00000| Untracked 
|  43|0x0000000082b00000, 0x0000000082b00000, 0x0000000082c00000|  0%| F|  |TAMS 0x0000000082b00000, 0x0000000082b00000| Untracked 
|  44|0x0000000082c00000, 0x0000000082c00000, 0x0000000082d00000|  0%| F|  |TAMS 0x0000000082c00000, 0x0000000082c00000| Untracked 
|  45|0x0000000082d00000, 0x0000000082d00000, 0x0000000082e00000|  0%| F|  |TAMS 0x0000000082d00000, 0x0000000082d00000| Untracked 
|  46|0x0000000082e00000, 0x0000000082e00000, 0x0000000082f00000|  0%| F|  |TAMS 0x0000000082e00000, 0x0000000082e00000| Untracked 
|  47|0x0000000082f00000, 0x0000000082f00000, 0x0000000083000000|  0%| F|  |TAMS 0x0000000082f00000, 0x0000000082f00000| Untracked 
|  48|0x0000000083000000, 0x0000000083000000, 0x0000000083100000|  0%| F|  |TAMS 0x0000000083000000, 0x0000000083000000| Untracked 
|  49|0x0000000083100000, 0x0000000083100000, 0x0000000083200000|  0%| F|  |TAMS 0x0000000083100000, 0x0000000083100000| Untracked 
|  50|0x0000000083200000, 0x0000000083200000, 0x0000000083300000|  0%| F|  |TAMS 0x0000000083200000, 0x0000000083200000| Untracked 
|  51|0x0000000083300000, 0x0000000083300000, 0x0000000083400000|  0%| F|  |TAMS 0x0000000083300000, 0x0000000083300000| Untracked 
|  52|0x0000000083400000, 0x0000000083400000, 0x0000000083500000|  0%| F|  |TAMS 0x0000000083400000, 0x0000000083400000| Untracked 
|  53|0x0000000083500000, 0x0000000083500000, 0x0000000083600000|  0%| F|  |TAMS 0x0000000083500000, 0x0000000083500000| Untracked 
|  54|0x0000000083600000, 0x0000000083600000, 0x0000000083700000|  0%| F|  |TAMS 0x0000000083600000, 0x0000000083600000| Untracked 
|  55|0x0000000083700000, 0x0000000083700000, 0x0000000083800000|  0%| F|  |TAMS 0x0000000083700000, 0x0000000083700000| Untracked 
|  56|0x0000000083800000, 0x0000000083800000, 0x0000000083900000|  0%| F|  |TAMS 0x0000000083800000, 0x0000000083800000| Untracked 
|  57|0x0000000083900000, 0x0000000083900000, 0x0000000083a00000|  0%| F|  |TAMS 0x0000000083900000, 0x0000000083900000| Untracked 
|  58|0x0000000083a00000, 0x0000000083a00000, 0x0000000083b00000|  0%| F|  |TAMS 0x0000000083a00000, 0x0000000083a00000| Untracked 
|  59|0x0000000083b00000, 0x0000000083b00000, 0x0000000083c00000|  0%| F|  |TAMS 0x0000000083b00000, 0x0000000083b00000| Untracked 
|  60|0x0000000083c00000, 0x0000000083c00000, 0x0000000083d00000|  0%| F|  |TAMS 0x0000000083c00000, 0x0000000083c00000| Untracked 
|  61|0x0000000083d00000, 0x0000000083d00000, 0x0000000083e00000|  0%| F|  |TAMS 0x0000000083d00000, 0x0000000083d00000| Untracked 
|  62|0x0000000083e00000, 0x0000000083e00000, 0x0000000083f00000|  0%| F|  |TAMS 0x0000000083e00000, 0x0000000083e00000| Untracked 
|  63|0x0000000083f00000, 0x0000000083f00000, 0x0000000084000000|  0%| F|  |TAMS 0x0000000083f00000, 0x0000000083f00000| Untracked 
|  64|0x0000000084000000, 0x0000000084000000, 0x0000000084100000|  0%| F|  |TAMS 0x0000000084000000, 0x0000000084000000| Untracked 
|  65|0x0000000084100000, 0x0000000084100000, 0x0000000084200000|  0%| F|  |TAMS 0x0000000084100000, 0x0000000084100000| Untracked 
|  66|0x0000000084200000, 0x0000000084200000, 0x0000000084300000|  0%| F|  |TAMS 0x0000000084200000, 0x0000000084200000| Untracked 
|  67|0x0000000084300000, 0x0000000084300000, 0x0000000084400000|  0%| F|  |TAMS 0x0000000084300000, 0x0000000084300000| Untracked 
|  68|0x0000000084400000, 0x0000000084400000, 0x0000000084500000|  0%| F|  |TAMS 0x0000000084400000, 0x0000000084400000| Untracked 
|  69|0x0000000084500000, 0x0000000084500000, 0x0000000084600000|  0%| F|  |TAMS 0x0000000084500000, 0x0000000084500000| Untracked 
|  70|0x0000000084600000, 0x0000000084600000, 0x0000000084700000|  0%| F|  |TAMS 0x0000000084600000, 0x0000000084600000| Untracked 
|  71|0x0000000084700000, 0x0000000084700000, 0x0000000084800000|  0%| F|  |TAMS 0x0000000084700000, 0x0000000084700000| Untracked 
|  72|0x0000000084800000, 0x0000000084800000, 0x0000000084900000|  0%| F|  |TAMS 0x0000000084800000, 0x0000000084800000| Untracked 
|  73|0x0000000084900000, 0x0000000084900000, 0x0000000084a00000|  0%| F|  |TAMS 0x0000000084900000, 0x0000000084900000| Untracked 
|  74|0x0000000084a00000, 0x0000000084a00000, 0x0000000084b00000|  0%| F|  |TAMS 0x0000000084a00000, 0x0000000084a00000| Untracked 
|  75|0x0000000084b00000, 0x0000000084b00000, 0x0000000084c00000|  0%| F|  |TAMS 0x0000000084b00000, 0x0000000084b00000| Untracked 
|  76|0x0000000084c00000, 0x0000000084c00000, 0x0000000084d00000|  0%| F|  |TAMS 0x0000000084c00000, 0x0000000084c00000| Untracked 
|  77|0x0000000084d00000, 0x0000000084d00000, 0x0000000084e00000|  0%| F|  |TAMS 0x0000000084d00000, 0x0000000084d00000| Untracked 
|  78|0x0000000084e00000, 0x0000000084e00000, 0x0000000084f00000|  0%| F|  |TAMS 0x0000000084e00000, 0x0000000084e00000| Untracked 
|  79|0x0000000084f00000, 0x0000000084f00000, 0x0000000085000000|  0%| F|  |TAMS 0x0000000084f00000, 0x0000000084f00000| Untracked 
|  80|0x0000000085000000, 0x0000000085000000, 0x0000000085100000|  0%| F|  |TAMS 0x0000000085000000, 0x0000000085000000| Untracked 
|  81|0x0000000085100000, 0x0000000085100000, 0x0000000085200000|  0%| F|  |TAMS 0x0000000085100000, 0x0000000085100000| Untracked 
|  82|0x0000000085200000, 0x0000000085200000, 0x0000000085300000|  0%| F|  |TAMS 0x0000000085200000, 0x0000000085200000| Untracked 
|  83|0x0000000085300000, 0x0000000085300000, 0x0000000085400000|  0%| F|  |TAMS 0x0000000085300000, 0x0000000085300000| Untracked 
|  84|0x0000000085400000, 0x0000000085400000, 0x0000000085500000|  0%| F|  |TAMS 0x0000000085400000, 0x0000000085400000| Untracked 
|  85|0x0000000085500000, 0x0000000085500000, 0x0000000085600000|  0%| F|  |TAMS 0x0000000085500000, 0x0000000085500000| Untracked 
|  86|0x0000000085600000, 0x0000000085600000, 0x0000000085700000|  0%| F|  |TAMS 0x0000000085600000, 0x0000000085600000| Untracked 
|  87|0x0000000085700000, 0x0000000085700000, 0x0000000085800000|  0%| F|  |TAMS 0x0000000085700000, 0x0000000085700000| Untracked 
|  88|0x0000000085800000, 0x0000000085800000, 0x0000000085900000|  0%| F|  |TAMS 0x0000000085800000, 0x0000000085800000| Untracked 
|  89|0x0000000085900000, 0x0000000085900000, 0x0000000085a00000|  0%| F|  |TAMS 0x0000000085900000, 0x0000000085900000| Untracked 
|  90|0x0000000085a00000, 0x0000000085a00000, 0x0000000085b00000|  0%| F|  |TAMS 0x0000000085a00000, 0x0000000085a00000| Untracked 
|  91|0x0000000085b00000, 0x0000000085b00000, 0x0000000085c00000|  0%| F|  |TAMS 0x0000000085b00000, 0x0000000085b00000| Untracked 
|  92|0x0000000085c00000, 0x0000000085c00000, 0x0000000085d00000|  0%| F|  |TAMS 0x0000000085c00000, 0x0000000085c00000| Untracked 
|  93|0x0000000085d00000, 0x0000000085d00000, 0x0000000085e00000|  0%| F|  |TAMS 0x0000000085d00000, 0x0000000085d00000| Untracked 
|  94|0x0000000085e00000, 0x0000000085e00000, 0x0000000085f00000|  0%| F|  |TAMS 0x0000000085e00000, 0x0000000085e00000| Untracked 
|  95|0x0000000085f00000, 0x0000000085f00000, 0x0000000086000000|  0%| F|  |TAMS 0x0000000085f00000, 0x0000000085f00000| Untracked 
|  96|0x0000000086000000, 0x0000000086000000, 0x0000000086100000|  0%| F|  |TAMS 0x0000000086000000, 0x0000000086000000| Untracked 
|  97|0x0000000086100000, 0x0000000086100000, 0x0000000086200000|  0%| F|  |TAMS 0x0000000086100000, 0x0000000086100000| Untracked 
|  98|0x0000000086200000, 0x0000000086200000, 0x0000000086300000|  0%| F|  |TAMS 0x0000000086200000, 0x0000000086200000| Untracked 
|  99|0x0000000086300000, 0x0000000086300000, 0x0000000086400000|  0%| F|  |TAMS 0x0000000086300000, 0x0000000086300000| Untracked 
| 100|0x0000000086400000, 0x0000000086400000, 0x0000000086500000|  0%| F|  |TAMS 0x0000000086400000, 0x0000000086400000| Untracked 
| 101|0x0000000086500000, 0x0000000086500000, 0x0000000086600000|  0%| F|  |TAMS 0x0000000086500000, 0x0000000086500000| Untracked 
| 102|0x0000000086600000, 0x0000000086600000, 0x0000000086700000|  0%| F|  |TAMS 0x0000000086600000, 0x0000000086600000| Untracked 
| 103|0x0000000086700000, 0x0000000086700000, 0x0000000086800000|  0%| F|  |TAMS 0x0000000086700000, 0x0000000086700000| Untracked 
| 104|0x0000000086800000, 0x0000000086800000, 0x0000000086900000|  0%| F|  |TAMS 0x0000000086800000, 0x0000000086800000| Untracked 
| 105|0x0000000086900000, 0x0000000086900000, 0x0000000086a00000|  0%| F|  |TAMS 0x0000000086900000, 0x0000000086900000| Untracked 
| 106|0x0000000086a00000, 0x0000000086a00000, 0x0000000086b00000|  0%| F|  |TAMS 0x0000000086a00000, 0x0000000086a00000| Untracked 
| 107|0x0000000086b00000, 0x0000000086b00000, 0x0000000086c00000|  0%| F|  |TAMS 0x0000000086b00000, 0x0000000086b00000| Untracked 
| 108|0x0000000086c00000, 0x0000000086c00000, 0x0000000086d00000|  0%| F|  |TAMS 0x0000000086c00000, 0x0000000086c00000| Untracked 
| 109|0x0000000086d00000, 0x0000000086d00000, 0x0000000086e00000|  0%| F|  |TAMS 0x0000000086d00000, 0x0000000086d00000| Untracked 
| 110|0x0000000086e00000, 0x0000000086e00000, 0x0000000086f00000|  0%| F|  |TAMS 0x0000000086e00000, 0x0000000086e00000| Untracked 
| 111|0x0000000086f00000, 0x0000000086f00000, 0x0000000087000000|  0%| F|  |TAMS 0x0000000086f00000, 0x0000000086f00000| Untracked 
| 112|0x0000000087000000, 0x0000000087000000, 0x0000000087100000|  0%| F|  |TAMS 0x0000000087000000, 0x0000000087000000| Untracked 
| 113|0x0000000087100000, 0x0000000087100000, 0x0000000087200000|  0%| F|  |TAMS 0x0000000087100000, 0x0000000087100000| Untracked 
| 114|0x0000000087200000, 0x0000000087200000, 0x0000000087300000|  0%| F|  |TAMS 0x0000000087200000, 0x0000000087200000| Untracked 
| 115|0x0000000087300000, 0x0000000087300000, 0x0000000087400000|  0%| F|  |TAMS 0x0000000087300000, 0x0000000087300000| Untracked 
| 116|0x0000000087400000, 0x0000000087400000, 0x0000000087500000|  0%| F|  |TAMS 0x0000000087400000, 0x0000000087400000| Untracked 
| 117|0x0000000087500000, 0x0000000087500000, 0x0000000087600000|  0%| F|  |TAMS 0x0000000087500000, 0x0000000087500000| Untracked 
| 118|0x0000000087600000, 0x0000000087600000, 0x0000000087700000|  0%| F|  |TAMS 0x0000000087600000, 0x0000000087600000| Untracked 
| 119|0x0000000087700000, 0x0000000087700000, 0x0000000087800000|  0%| F|  |TAMS 0x0000000087700000, 0x0000000087700000| Untracked 
| 120|0x0000000087800000, 0x0000000087800000, 0x0000000087900000|  0%| F|  |TAMS 0x0000000087800000, 0x0000000087800000| Untracked 
| 121|0x0000000087900000, 0x0000000087900000, 0x0000000087a00000|  0%| F|  |TAMS 0x0000000087900000, 0x0000000087900000| Untracked 
| 122|0x0000000087a00000, 0x0000000087a00000, 0x0000000087b00000|  0%| F|  |TAMS 0x0000000087a00000, 0x0000000087a00000| Untracked 
| 123|0x0000000087b00000, 0x0000000087b00000, 0x0000000087c00000|  0%| F|  |TAMS 0x0000000087b00000, 0x0000000087b00000| Untracked 
| 124|0x0000000087c00000, 0x0000000087c00000, 0x0000000087d00000|  0%| F|  |TAMS 0x0000000087c00000, 0x0000000087c00000| Untracked 
| 125|0x0000000087d00000, 0x0000000087d00000, 0x0000000087e00000|  0%| F|  |TAMS 0x0000000087d00000, 0x0000000087d00000| Untracked 
| 126|0x0000000087e00000, 0x0000000087e00000, 0x0000000087f00000|  0%| F|  |TAMS 0x0000000087e00000, 0x0000000087e00000| Untracked 
| 127|0x0000000087f00000, 0x0000000087f00000, 0x0000000088000000|  0%| F|  |TAMS 0x0000000087f00000, 0x0000000087f00000| Untracked 
| 128|0x0000000088000000, 0x0000000088000000, 0x0000000088100000|  0%| F|  |TAMS 0x0000000088000000, 0x0000000088000000| Untracked 
| 129|0x0000000088100000, 0x0000000088100000, 0x0000000088200000|  0%| F|  |TAMS 0x0000000088100000, 0x0000000088100000| Untracked 
| 130|0x0000000088200000, 0x0000000088200000, 0x0000000088300000|  0%| F|  |TAMS 0x0000000088200000, 0x0000000088200000| Untracked 
| 131|0x0000000088300000, 0x0000000088300000, 0x0000000088400000|  0%| F|  |TAMS 0x0000000088300000, 0x0000000088300000| Untracked 
| 132|0x0000000088400000, 0x0000000088400000, 0x0000000088500000|  0%| F|  |TAMS 0x0000000088400000, 0x0000000088400000| Untracked 
| 133|0x0000000088500000, 0x0000000088500000, 0x0000000088600000|  0%| F|  |TAMS 0x0000000088500000, 0x0000000088500000| Untracked 
| 134|0x0000000088600000, 0x00000000886bb778, 0x0000000088700000| 73%| S|CS|TAMS 0x0000000088600000, 0x0000000088600000| Complete 
| 135|0x0000000088700000, 0x0000000088800000, 0x0000000088800000|100%| S|CS|TAMS 0x0000000088700000, 0x0000000088700000| Complete 
| 136|0x0000000088800000, 0x0000000088900000, 0x0000000088900000|100%| S|CS|TAMS 0x0000000088800000, 0x0000000088800000| Complete 
| 137|0x0000000088900000, 0x0000000088a00000, 0x0000000088a00000|100%| S|CS|TAMS 0x0000000088900000, 0x0000000088900000| Complete 
| 138|0x0000000088a00000, 0x0000000088b00000, 0x0000000088b00000|100%| S|CS|TAMS 0x0000000088a00000, 0x0000000088a00000| Complete 
| 139|0x0000000088b00000, 0x0000000088c00000, 0x0000000088c00000|100%| S|CS|TAMS 0x0000000088b00000, 0x0000000088b00000| Complete 
| 140|0x0000000088c00000, 0x0000000088d00000, 0x0000000088d00000|100%| S|CS|TAMS 0x0000000088c00000, 0x0000000088c00000| Complete 
| 141|0x0000000088d00000, 0x0000000088e00000, 0x0000000088e00000|100%| S|CS|TAMS 0x0000000088d00000, 0x0000000088d00000| Complete 
| 142|0x0000000088e00000, 0x0000000088f00000, 0x0000000088f00000|100%| S|CS|TAMS 0x0000000088e00000, 0x0000000088e00000| Complete 
| 143|0x0000000088f00000, 0x0000000089000000, 0x0000000089000000|100%| S|CS|TAMS 0x0000000088f00000, 0x0000000088f00000| Complete 
| 144|0x0000000089000000, 0x0000000089100000, 0x0000000089100000|100%| S|CS|TAMS 0x0000000089000000, 0x0000000089000000| Complete 
| 145|0x0000000089100000, 0x0000000089100000, 0x0000000089200000|  0%| F|  |TAMS 0x0000000089100000, 0x0000000089100000| Untracked 
| 146|0x0000000089200000, 0x0000000089200000, 0x0000000089300000|  0%| F|  |TAMS 0x0000000089200000, 0x0000000089200000| Untracked 
| 147|0x0000000089300000, 0x0000000089300000, 0x0000000089400000|  0%| F|  |TAMS 0x0000000089300000, 0x0000000089300000| Untracked 
| 148|0x0000000089400000, 0x0000000089400000, 0x0000000089500000|  0%| F|  |TAMS 0x0000000089400000, 0x0000000089400000| Untracked 
| 149|0x0000000089500000, 0x0000000089500000, 0x0000000089600000|  0%| F|  |TAMS 0x0000000089500000, 0x0000000089500000| Untracked 
| 150|0x0000000089600000, 0x0000000089600000, 0x0000000089700000|  0%| F|  |TAMS 0x0000000089600000, 0x0000000089600000| Untracked 
| 151|0x0000000089700000, 0x0000000089700000, 0x0000000089800000|  0%| F|  |TAMS 0x0000000089700000, 0x0000000089700000| Untracked 
| 152|0x0000000089800000, 0x0000000089800000, 0x0000000089900000|  0%| F|  |TAMS 0x0000000089800000, 0x0000000089800000| Untracked 
| 153|0x0000000089900000, 0x0000000089900000, 0x0000000089a00000|  0%| F|  |TAMS 0x0000000089900000, 0x0000000089900000| Untracked 
| 154|0x0000000089a00000, 0x0000000089a00000, 0x0000000089b00000|  0%| F|  |TAMS 0x0000000089a00000, 0x0000000089a00000| Untracked 
| 155|0x0000000089b00000, 0x0000000089b00000, 0x0000000089c00000|  0%| F|  |TAMS 0x0000000089b00000, 0x0000000089b00000| Untracked 
| 156|0x0000000089c00000, 0x0000000089c00000, 0x0000000089d00000|  0%| F|  |TAMS 0x0000000089c00000, 0x0000000089c00000| Untracked 
| 157|0x0000000089d00000, 0x0000000089d00000, 0x0000000089e00000|  0%| F|  |TAMS 0x0000000089d00000, 0x0000000089d00000| Untracked 
| 158|0x0000000089e00000, 0x0000000089e00000, 0x0000000089f00000|  0%| F|  |TAMS 0x0000000089e00000, 0x0000000089e00000| Untracked 
| 159|0x0000000089f00000, 0x0000000089f00000, 0x000000008a000000|  0%| F|  |TAMS 0x0000000089f00000, 0x0000000089f00000| Untracked 
| 160|0x000000008a000000, 0x000000008a000000, 0x000000008a100000|  0%| F|  |TAMS 0x000000008a000000, 0x000000008a000000| Untracked 
| 161|0x000000008a100000, 0x000000008a100000, 0x000000008a200000|  0%| F|  |TAMS 0x000000008a100000, 0x000000008a100000| Untracked 
| 162|0x000000008a200000, 0x000000008a200000, 0x000000008a300000|  0%| F|  |TAMS 0x000000008a200000, 0x000000008a200000| Untracked 
| 163|0x000000008a300000, 0x000000008a300000, 0x000000008a400000|  0%| F|  |TAMS 0x000000008a300000, 0x000000008a300000| Untracked 
| 164|0x000000008a400000, 0x000000008a400000, 0x000000008a500000|  0%| F|  |TAMS 0x000000008a400000, 0x000000008a400000| Untracked 
| 165|0x000000008a500000, 0x000000008a500000, 0x000000008a600000|  0%| F|  |TAMS 0x000000008a500000, 0x000000008a500000| Untracked 
| 166|0x000000008a600000, 0x000000008a600000, 0x000000008a700000|  0%| F|  |TAMS 0x000000008a600000, 0x000000008a600000| Untracked 
| 167|0x000000008a700000, 0x000000008a700000, 0x000000008a800000|  0%| F|  |TAMS 0x000000008a700000, 0x000000008a700000| Untracked 
| 168|0x000000008a800000, 0x000000008a800000, 0x000000008a900000|  0%| F|  |TAMS 0x000000008a800000, 0x000000008a800000| Untracked 
| 169|0x000000008a900000, 0x000000008a900000, 0x000000008aa00000|  0%| F|  |TAMS 0x000000008a900000, 0x000000008a900000| Untracked 
| 170|0x000000008aa00000, 0x000000008aa00000, 0x000000008ab00000|  0%| F|  |TAMS 0x000000008aa00000, 0x000000008aa00000| Untracked 
| 171|0x000000008ab00000, 0x000000008ab00000, 0x000000008ac00000|  0%| F|  |TAMS 0x000000008ab00000, 0x000000008ab00000| Untracked 
| 172|0x000000008ac00000, 0x000000008ac00000, 0x000000008ad00000|  0%| F|  |TAMS 0x000000008ac00000, 0x000000008ac00000| Untracked 
| 173|0x000000008ad00000, 0x000000008ad00000, 0x000000008ae00000|  0%| F|  |TAMS 0x000000008ad00000, 0x000000008ad00000| Untracked 
| 174|0x000000008ae00000, 0x000000008ae00000, 0x000000008af00000|  0%| F|  |TAMS 0x000000008ae00000, 0x000000008ae00000| Untracked 
| 175|0x000000008af00000, 0x000000008af00000, 0x000000008b000000|  0%| F|  |TAMS 0x000000008af00000, 0x000000008af00000| Untracked 
| 176|0x000000008b000000, 0x000000008b000000, 0x000000008b100000|  0%| F|  |TAMS 0x000000008b000000, 0x000000008b000000| Untracked 
| 177|0x000000008b100000, 0x000000008b100000, 0x000000008b200000|  0%| F|  |TAMS 0x000000008b100000, 0x000000008b100000| Untracked 
| 178|0x000000008b200000, 0x000000008b200000, 0x000000008b300000|  0%| F|  |TAMS 0x000000008b200000, 0x000000008b200000| Untracked 
| 179|0x000000008b300000, 0x000000008b300000, 0x000000008b400000|  0%| F|  |TAMS 0x000000008b300000, 0x000000008b300000| Untracked 
| 180|0x000000008b400000, 0x000000008b400000, 0x000000008b500000|  0%| F|  |TAMS 0x000000008b400000, 0x000000008b400000| Untracked 
| 181|0x000000008b500000, 0x000000008b500000, 0x000000008b600000|  0%| F|  |TAMS 0x000000008b500000, 0x000000008b500000| Untracked 
| 182|0x000000008b600000, 0x000000008b600000, 0x000000008b700000|  0%| F|  |TAMS 0x000000008b600000, 0x000000008b600000| Untracked 
| 183|0x000000008b700000, 0x000000008b700000, 0x000000008b800000|  0%| F|  |TAMS 0x000000008b700000, 0x000000008b700000| Untracked 
| 184|0x000000008b800000, 0x000000008b800000, 0x000000008b900000|  0%| F|  |TAMS 0x000000008b800000, 0x000000008b800000| Untracked 
| 185|0x000000008b900000, 0x000000008b900000, 0x000000008ba00000|  0%| F|  |TAMS 0x000000008b900000, 0x000000008b900000| Untracked 
| 186|0x000000008ba00000, 0x000000008ba00000, 0x000000008bb00000|  0%| F|  |TAMS 0x000000008ba00000, 0x000000008ba00000| Untracked 
| 187|0x000000008bb00000, 0x000000008bb00000, 0x000000008bc00000|  0%| F|  |TAMS 0x000000008bb00000, 0x000000008bb00000| Untracked 
| 188|0x000000008bc00000, 0x000000008bc00000, 0x000000008bd00000|  0%| F|  |TAMS 0x000000008bc00000, 0x000000008bc00000| Untracked 
| 189|0x000000008bd00000, 0x000000008bd00000, 0x000000008be00000|  0%| F|  |TAMS 0x000000008bd00000, 0x000000008bd00000| Untracked 
| 190|0x000000008be00000, 0x000000008be00000, 0x000000008bf00000|  0%| F|  |TAMS 0x000000008be00000, 0x000000008be00000| Untracked 
| 191|0x000000008bf00000, 0x000000008bf00000, 0x000000008c000000|  0%| F|  |TAMS 0x000000008bf00000, 0x000000008bf00000| Untracked 
| 192|0x000000008c000000, 0x000000008c000000, 0x000000008c100000|  0%| F|  |TAMS 0x000000008c000000, 0x000000008c000000| Untracked 
| 193|0x000000008c100000, 0x000000008c100000, 0x000000008c200000|  0%| F|  |TAMS 0x000000008c100000, 0x000000008c100000| Untracked 
| 194|0x000000008c200000, 0x000000008c200000, 0x000000008c300000|  0%| F|  |TAMS 0x000000008c200000, 0x000000008c200000| Untracked 
| 195|0x000000008c300000, 0x000000008c300000, 0x000000008c400000|  0%| F|  |TAMS 0x000000008c300000, 0x000000008c300000| Untracked 
| 196|0x000000008c400000, 0x000000008c400000, 0x000000008c500000|  0%| F|  |TAMS 0x000000008c400000, 0x000000008c400000| Untracked 
| 197|0x000000008c500000, 0x000000008c500000, 0x000000008c600000|  0%| F|  |TAMS 0x000000008c500000, 0x000000008c500000| Untracked 
| 198|0x000000008c600000, 0x000000008c600000, 0x000000008c700000|  0%| F|  |TAMS 0x000000008c600000, 0x000000008c600000| Untracked 
| 199|0x000000008c700000, 0x000000008c700000, 0x000000008c800000|  0%| F|  |TAMS 0x000000008c700000, 0x000000008c700000| Untracked 
| 200|0x000000008c800000, 0x000000008c800000, 0x000000008c900000|  0%| F|  |TAMS 0x000000008c800000, 0x000000008c800000| Untracked 
| 201|0x000000008c900000, 0x000000008c900000, 0x000000008ca00000|  0%| F|  |TAMS 0x000000008c900000, 0x000000008c900000| Untracked 
| 202|0x000000008ca00000, 0x000000008ca00000, 0x000000008cb00000|  0%| F|  |TAMS 0x000000008ca00000, 0x000000008ca00000| Untracked 
| 203|0x000000008cb00000, 0x000000008cb00000, 0x000000008cc00000|  0%| F|  |TAMS 0x000000008cb00000, 0x000000008cb00000| Untracked 
| 204|0x000000008cc00000, 0x000000008cc00000, 0x000000008cd00000|  0%| F|  |TAMS 0x000000008cc00000, 0x000000008cc00000| Untracked 
| 205|0x000000008cd00000, 0x000000008cd00000, 0x000000008ce00000|  0%| F|  |TAMS 0x000000008cd00000, 0x000000008cd00000| Untracked 
| 206|0x000000008ce00000, 0x000000008ce00000, 0x000000008cf00000|  0%| F|  |TAMS 0x000000008ce00000, 0x000000008ce00000| Untracked 
| 207|0x000000008cf00000, 0x000000008cf00000, 0x000000008d000000|  0%| F|  |TAMS 0x000000008cf00000, 0x000000008cf00000| Untracked 
| 208|0x000000008d000000, 0x000000008d000000, 0x000000008d100000|  0%| F|  |TAMS 0x000000008d000000, 0x000000008d000000| Untracked 
| 209|0x000000008d100000, 0x000000008d100000, 0x000000008d200000|  0%| F|  |TAMS 0x000000008d100000, 0x000000008d100000| Untracked 
| 210|0x000000008d200000, 0x000000008d200000, 0x000000008d300000|  0%| F|  |TAMS 0x000000008d200000, 0x000000008d200000| Untracked 
| 211|0x000000008d300000, 0x000000008d300000, 0x000000008d400000|  0%| F|  |TAMS 0x000000008d300000, 0x000000008d300000| Untracked 
| 212|0x000000008d400000, 0x000000008d400000, 0x000000008d500000|  0%| F|  |TAMS 0x000000008d400000, 0x000000008d400000| Untracked 
| 213|0x000000008d500000, 0x000000008d500000, 0x000000008d600000|  0%| F|  |TAMS 0x000000008d500000, 0x000000008d500000| Untracked 
| 214|0x000000008d600000, 0x000000008d600000, 0x000000008d700000|  0%| F|  |TAMS 0x000000008d600000, 0x000000008d600000| Untracked 
| 215|0x000000008d700000, 0x000000008d700000, 0x000000008d800000|  0%| F|  |TAMS 0x000000008d700000, 0x000000008d700000| Untracked 
| 216|0x000000008d800000, 0x000000008d800000, 0x000000008d900000|  0%| F|  |TAMS 0x000000008d800000, 0x000000008d800000| Untracked 
| 217|0x000000008d900000, 0x000000008d900000, 0x000000008da00000|  0%| F|  |TAMS 0x000000008d900000, 0x000000008d900000| Untracked 
| 218|0x000000008da00000, 0x000000008da00000, 0x000000008db00000|  0%| F|  |TAMS 0x000000008da00000, 0x000000008da00000| Untracked 
| 219|0x000000008db00000, 0x000000008db00000, 0x000000008dc00000|  0%| F|  |TAMS 0x000000008db00000, 0x000000008db00000| Untracked 
| 220|0x000000008dc00000, 0x000000008dc00000, 0x000000008dd00000|  0%| F|  |TAMS 0x000000008dc00000, 0x000000008dc00000| Untracked 
| 221|0x000000008dd00000, 0x000000008dd00000, 0x000000008de00000|  0%| F|  |TAMS 0x000000008dd00000, 0x000000008dd00000| Untracked 
| 222|0x000000008de00000, 0x000000008de00000, 0x000000008df00000|  0%| F|  |TAMS 0x000000008de00000, 0x000000008de00000| Untracked 
| 223|0x000000008df00000, 0x000000008df00000, 0x000000008e000000|  0%| F|  |TAMS 0x000000008df00000, 0x000000008df00000| Untracked 
| 224|0x000000008e000000, 0x000000008e000000, 0x000000008e100000|  0%| F|  |TAMS 0x000000008e000000, 0x000000008e000000| Untracked 
| 225|0x000000008e100000, 0x000000008e100000, 0x000000008e200000|  0%| F|  |TAMS 0x000000008e100000, 0x000000008e100000| Untracked 
| 226|0x000000008e200000, 0x000000008e200000, 0x000000008e300000|  0%| F|  |TAMS 0x000000008e200000, 0x000000008e200000| Untracked 
| 227|0x000000008e300000, 0x000000008e300000, 0x000000008e400000|  0%| F|  |TAMS 0x000000008e300000, 0x000000008e300000| Untracked 
| 228|0x000000008e400000, 0x000000008e400000, 0x000000008e500000|  0%| F|  |TAMS 0x000000008e400000, 0x000000008e400000| Untracked 
| 229|0x000000008e500000, 0x000000008e500000, 0x000000008e600000|  0%| F|  |TAMS 0x000000008e500000, 0x000000008e500000| Untracked 
| 230|0x000000008e600000, 0x000000008e600000, 0x000000008e700000|  0%| F|  |TAMS 0x000000008e600000, 0x000000008e600000| Untracked 
| 231|0x000000008e700000, 0x000000008e700000, 0x000000008e800000|  0%| F|  |TAMS 0x000000008e700000, 0x000000008e700000| Untracked 
| 232|0x000000008e800000, 0x000000008e800000, 0x000000008e900000|  0%| F|  |TAMS 0x000000008e800000, 0x000000008e800000| Untracked 
| 233|0x000000008e900000, 0x000000008e900000, 0x000000008ea00000|  0%| F|  |TAMS 0x000000008e900000, 0x000000008e900000| Untracked 
| 234|0x000000008ea00000, 0x000000008ea00000, 0x000000008eb00000|  0%| F|  |TAMS 0x000000008ea00000, 0x000000008ea00000| Untracked 
| 235|0x000000008eb00000, 0x000000008eb00000, 0x000000008ec00000|  0%| F|  |TAMS 0x000000008eb00000, 0x000000008eb00000| Untracked 
| 236|0x000000008ec00000, 0x000000008ec00000, 0x000000008ed00000|  0%| F|  |TAMS 0x000000008ec00000, 0x000000008ec00000| Untracked 
| 237|0x000000008ed00000, 0x000000008ed00000, 0x000000008ee00000|  0%| F|  |TAMS 0x000000008ed00000, 0x000000008ed00000| Untracked 
| 238|0x000000008ee00000, 0x000000008ee00000, 0x000000008ef00000|  0%| F|  |TAMS 0x000000008ee00000, 0x000000008ee00000| Untracked 
| 239|0x000000008ef00000, 0x000000008ef00000, 0x000000008f000000|  0%| F|  |TAMS 0x000000008ef00000, 0x000000008ef00000| Untracked 
| 240|0x000000008f000000, 0x000000008f000000, 0x000000008f100000|  0%| F|  |TAMS 0x000000008f000000, 0x000000008f000000| Untracked 
| 241|0x000000008f100000, 0x000000008f100000, 0x000000008f200000|  0%| F|  |TAMS 0x000000008f100000, 0x000000008f100000| Untracked 
| 242|0x000000008f200000, 0x000000008f200000, 0x000000008f300000|  0%| F|  |TAMS 0x000000008f200000, 0x000000008f200000| Untracked 
| 243|0x000000008f300000, 0x000000008f300000, 0x000000008f400000|  0%| F|  |TAMS 0x000000008f300000, 0x000000008f300000| Untracked 
| 244|0x000000008f400000, 0x000000008f400000, 0x000000008f500000|  0%| F|  |TAMS 0x000000008f400000, 0x000000008f400000| Untracked 
| 245|0x000000008f500000, 0x000000008f500000, 0x000000008f600000|  0%| F|  |TAMS 0x000000008f500000, 0x000000008f500000| Untracked 
| 246|0x000000008f600000, 0x000000008f600000, 0x000000008f700000|  0%| F|  |TAMS 0x000000008f600000, 0x000000008f600000| Untracked 
| 247|0x000000008f700000, 0x000000008f700000, 0x000000008f800000|  0%| F|  |TAMS 0x000000008f700000, 0x000000008f700000| Untracked 
| 248|0x000000008f800000, 0x000000008f880800, 0x000000008f900000| 50%| E|  |TAMS 0x000000008f800000, 0x000000008f800000| Complete 
| 249|0x000000008f900000, 0x000000008fa00000, 0x000000008fa00000|100%| E|CS|TAMS 0x000000008f900000, 0x000000008f900000| Complete 
| 250|0x000000008fa00000, 0x000000008fb00000, 0x000000008fb00000|100%| E|CS|TAMS 0x000000008fa00000, 0x000000008fa00000| Complete 
| 251|0x000000008fb00000, 0x000000008fc00000, 0x000000008fc00000|100%| E|CS|TAMS 0x000000008fb00000, 0x000000008fb00000| Complete 
| 252|0x000000008fc00000, 0x000000008fd00000, 0x000000008fd00000|100%| E|CS|TAMS 0x000000008fc00000, 0x000000008fc00000| Complete 
| 253|0x000000008fd00000, 0x000000008fe00000, 0x000000008fe00000|100%| E|CS|TAMS 0x000000008fd00000, 0x000000008fd00000| Complete 

Card table byte_map: [0x000002bf39800000,0x000002bf39c00000] _byte_map_base: 0x000002bf39400000

Marking Bits (Prev, Next): (CMBitMap*) 0x000002bf265f8670, (CMBitMap*) 0x000002bf265f8638
 Prev Bits: [0x000002bf3c000000, 0x000002bf3e000000)
 Next Bits: [0x000002bf3a000000, 0x000002bf3c000000)

Polling page: 0x000002bf245b0000

Metaspace:

Usage:
  Non-class:     18.72 MB capacity,    18.39 MB ( 98%) used,   298.19 KB (  2%) free+waste,    36.56 KB ( <1%) overhead. 
      Class:      2.80 MB capacity,     2.59 MB ( 93%) used,   192.70 KB (  7%) free+waste,    18.13 KB ( <1%) overhead. 
       Both:     21.52 MB capacity,    20.98 MB ( 98%) used,   490.88 KB (  2%) free+waste,    54.69 KB ( <1%) overhead. 

Virtual space:
  Non-class space:       20.00 MB reserved,      18.87 MB ( 94%) committed 
      Class space:        1.00 GB reserved,       2.88 MB ( <1%) committed 
             Both:        1.02 GB reserved,      21.75 MB (  2%) committed 

Chunk freelists:
   Non-Class:  33.00 KB
       Class:  15.00 KB
        Both:  48.00 KB

MaxMetaspaceSize: 17179869184.00 GB
CompressedClassSpaceSize: 1.00 GB
Initial GC threshold: 20.80 MB
Current GC threshold: 35.20 MB
CDS: off

CodeHeap 'non-profiled nmethods': size=120000Kb used=1039Kb max_used=1039Kb free=118960Kb
 bounds [0x000002bf31ba0000, 0x000002bf31e10000, 0x000002bf390d0000]
CodeHeap 'profiled nmethods': size=120000Kb used=4082Kb max_used=4082Kb free=115917Kb
 bounds [0x000002bf2a670000, 0x000002bf2aa70000, 0x000002bf31ba0000]
CodeHeap 'non-nmethods': size=5760Kb used=1218Kb max_used=1231Kb free=4541Kb
 bounds [0x000002bf2a0d0000, 0x000002bf2a340000, 0x000002bf2a670000]
 total_blobs=2439 nmethods=1959 adapters=392
 compilation: enabled
              stopped_count=0, restarted_count=0
 full_count=0

Compilation events (20 events):
Event: 1.920 Thread 0x000002bf4133b000 nmethod 1927 0x000002bf2aa61090 code [0x000002bf2aa612e0, 0x000002bf2aa61a18]
Event: 1.922 Thread 0x000002bf41336000 nmethod 1926 0x000002bf31ca1010 code [0x000002bf31ca11c0, 0x000002bf31ca1578]
Event: 1.934 Thread 0x000002bf4133b000 1929       3       sun.invoke.util.BytecodeDescriptor::unparseMethod (66 bytes)
Event: 1.934 Thread 0x000002bf4133b000 nmethod 1929 0x000002bf2aa61c90 code [0x000002bf2aa61f00, 0x000002bf2aa627a8]
Event: 1.936 Thread 0x000002bf4133b000 1930       3       java.lang.invoke.InnerClassLambdaMetafactory::getLoadOpcode (25 bytes)
Event: 1.936 Thread 0x000002bf4133b000 nmethod 1930 0x000002bf2aa62b10 code [0x000002bf2aa62ce0, 0x000002bf2aa62ef8]
Event: 1.936 Thread 0x000002bf4133b000 1931       3       java.lang.invoke.InnerClassLambdaMetafactory::getParameterSize (27 bytes)
Event: 1.936 Thread 0x000002bf4133b000 nmethod 1931 0x000002bf2aa63010 code [0x000002bf2aa631c0, 0x000002bf2aa63398]
Event: 1.956 Thread 0x000002bf4133b000 1935   !   3       java.lang.ref.ReferenceQueue::enqueue (119 bytes)
Event: 1.957 Thread 0x000002bf4133b000 nmethod 1935 0x000002bf2aa63410 code [0x000002bf2aa63600, 0x000002bf2aa63d68]
Event: 1.957 Thread 0x000002bf4133b000 1936       3       java.lang.ref.ReferenceQueue::reallyPoll (65 bytes)
Event: 1.957 Thread 0x000002bf4133b000 nmethod 1936 0x000002bf2aa63f10 code [0x000002bf2aa64100, 0x000002bf2aa645f8]
Event: 1.972 Thread 0x000002bf41336000 1938       4       java.lang.Class::getName (18 bytes)
Event: 1.972 Thread 0x000002bf4133b000 1937       3       sun.invoke.util.VerifyAccess::isTypeVisible (47 bytes)
Event: 1.972 Thread 0x000002bf4133b000 nmethod 1937 0x000002bf2aa64710 code [0x000002bf2aa64900, 0x000002bf2aa64cd8]
Event: 1.972 Thread 0x000002bf4133b000 1939       3       java.lang.invoke.LambdaFormEditor$Transform::<init> (17 bytes)
Event: 1.972 Thread 0x000002bf41336000 nmethod 1938 0x000002bf31ca2110 code [0x000002bf31ca22a0, 0x000002bf31ca2328]
Event: 1.972 Thread 0x000002bf4133b000 nmethod 1939 0x000002bf2aa64f10 code [0x000002bf2aa650e0, 0x000002bf2aa654b8]
Event: 1.973 Thread 0x000002bf4133b000 1941       3       java.lang.invoke.MethodHandles$Lookup::checkSecurityManager (104 bytes)
Event: 1.975 Thread 0x000002bf4133b000 nmethod 1941 0x000002bf2aa65610 code [0x000002bf2aa65900, 0x000002bf2aa667c8]

GC Heap History (4 events):
Event: 0.507 GC heap before
{Heap before GC invocations=0 (full 0):
 garbage-first heap   total 260096K, used 29696K [0x0000000080000000, 0x0000000100000000)
  region size 1024K, 24 young (24576K), 0 survivors (0K)
 Metaspace       used 10143K, capacity 10333K, committed 10624K, reserved 1058816K
  class space    used 1041K, capacity 1108K, committed 1152K, reserved 1048576K
}
Event: 0.511 GC heap after
{Heap after GC invocations=1 (full 0):
 garbage-first heap   total 260096K, used 9276K [0x0000000080000000, 0x0000000100000000)
  region size 1024K, 3 young (3072K), 3 survivors (3072K)
 Metaspace       used 10143K, capacity 10333K, committed 10624K, reserved 1058816K
  class space    used 1041K, capacity 1108K, committed 1152K, reserved 1048576K
}
Event: 1.947 GC heap before
{Heap before GC invocations=1 (full 0):
 garbage-first heap   total 260096K, used 116796K [0x0000000080000000, 0x0000000100000000)
  region size 1024K, 109 young (111616K), 3 survivors (3072K)
 Metaspace       used 20835K, capacity 21193K, committed 21296K, reserved 1069056K
  class space    used 2531K, capacity 2688K, committed 2688K, reserved 1048576K
}
Event: 1.956 GC heap after
{Heap after GC invocations=2 (full 0):
 garbage-first heap   total 260096K, used 17194K [0x0000000080000000, 0x0000000100000000)
  region size 1024K, 11 young (11264K), 11 survivors (11264K)
 Metaspace       used 20835K, capacity 21193K, committed 21296K, reserved 1069056K
  class space    used 2531K, capacity 2688K, committed 2688K, reserved 1048576K
}

Deoptimization events (20 events):
Event: 1.871 Thread 0x000002bf433d8800 Uncommon trap: trap_request=0xffffff4d fr.pc=0x000002bf31c15744 relative=0x00000000000001e4
Event: 1.871 Thread 0x000002bf433d8800 Uncommon trap: reason=unstable_if action=reinterpret pc=0x000002bf31c15744 method=java.util.regex.Matcher.reset()Ljava/util/regex/Matcher; @ 71 c2
Event: 1.871 Thread 0x000002bf433d8800 DEOPT PACKING pc=0x000002bf31c15744 sp=0x000000e925cf91a0
Event: 1.871 Thread 0x000002bf433d8800 DEOPT UNPACKING pc=0x000002bf2a0d85af sp=0x000000e925cf9130 mode 2
Event: 1.911 Thread 0x000002bf433d8800 Uncommon trap: trap_request=0xffffffc6 fr.pc=0x000002bf31c219a4 relative=0x0000000000000084
Event: 1.911 Thread 0x000002bf433d8800 Uncommon trap: reason=bimorphic_or_optimized_type_check action=maybe_recompile pc=0x000002bf31c219a4 method=java.util.AbstractList$Itr.hasNext()Z @ 8 c2
Event: 1.911 Thread 0x000002bf433d8800 DEOPT PACKING pc=0x000002bf31c219a4 sp=0x000000e925cfafe0
Event: 1.911 Thread 0x000002bf433d8800 DEOPT UNPACKING pc=0x000002bf2a0d85af sp=0x000000e925cfaf78 mode 2
Event: 1.911 Thread 0x000002bf433d8800 Uncommon trap: trap_request=0xffffffc6 fr.pc=0x000002bf31c21d54 relative=0x0000000000000114
Event: 1.911 Thread 0x000002bf433d8800 Uncommon trap: reason=bimorphic_or_optimized_type_check action=maybe_recompile pc=0x000002bf31c21d54 method=java.util.AbstractList$Itr.next()Ljava/lang/Object; @ 14 c2
Event: 1.911 Thread 0x000002bf433d8800 DEOPT PACKING pc=0x000002bf31c21d54 sp=0x000000e925cfafd0
Event: 1.911 Thread 0x000002bf433d8800 DEOPT UNPACKING pc=0x000002bf2a0d85af sp=0x000000e925cfaf68 mode 2
Event: 1.911 Thread 0x000002bf433d8800 Uncommon trap: trap_request=0xffffff4d fr.pc=0x000002bf31c1ba04 relative=0x00000000000005c4
Event: 1.911 Thread 0x000002bf433d8800 Uncommon trap: reason=unstable_if action=reinterpret pc=0x000002bf31c1ba04 method=java.io.File.getName()Ljava/lang/String; @ 16 c2
Event: 1.911 Thread 0x000002bf433d8800 DEOPT PACKING pc=0x000002bf31c1ba04 sp=0x000000e925cfb9b0
Event: 1.911 Thread 0x000002bf433d8800 DEOPT UNPACKING pc=0x000002bf2a0d85af sp=0x000000e925cfb980 mode 2
Event: 1.911 Thread 0x000002bf433d8800 Uncommon trap: trap_request=0xffffff4d fr.pc=0x000002bf31c182b4 relative=0x0000000000000474
Event: 1.911 Thread 0x000002bf433d8800 Uncommon trap: reason=unstable_if action=reinterpret pc=0x000002bf31c182b4 method=java.lang.String.substring(I)Ljava/lang/String; @ 34 c2
Event: 1.911 Thread 0x000002bf433d8800 DEOPT PACKING pc=0x000002bf31c182b4 sp=0x000000e925cfb930
Event: 1.911 Thread 0x000002bf433d8800 DEOPT UNPACKING pc=0x000002bf2a0d85af sp=0x000000e925cfb908 mode 2

Classes redefined (0 events):
No events

Internal exceptions (20 events):
Event: 0.170 Thread 0x000002bf265ae000 Exception <a 'java/lang/NoSuchMethodError'{0x000000008fa34d38}: 'int java.lang.invoke.DirectMethodHandle$Holder.invokeSpecialIFC(java.lang.Object, java.lang.Object, int)'> (0x000000008fa34d38) thrown at [./src/hotspot/share/interpreter/linkResolver.cpp, line 773]
Event: 0.335 Thread 0x000002bf265ae000 Exception <a 'java/lang/NoClassDefFoundError'{0x000000008ee8de40}: org/slf4j/impl/StaticMarkerBinder> (0x000000008ee8de40) thrown at [./src/hotspot/share/classfile/systemDictionary.cpp, line 220]
Event: 0.382 Thread 0x000002bf265ae000 Exception <a 'java/lang/NoSuchMethodError'{0x000000008ebc5cd0}: 'java.lang.Object java.lang.invoke.DirectMethodHandle$Holder.invokeVirtual(java.lang.Object, java.lang.Object, java.lang.Object, java.lang.Object, java.lang.Object, java.lang.Object, java.lang.Object)'> (0x000000008ebc5cd0) thrown at [./src/hotspot/share/interpreter/linkResolver.cpp, line 773]
Event: 0.384 Thread 0x000002bf265ae000 Exception <a 'java/lang/NoSuchMethodError'{0x000000008ebda200}: 'java.lang.Object java.lang.invoke.Invokers$Holder.invoker(java.lang.Object, java.lang.Object, java.lang.Object)'> (0x000000008ebda200) thrown at [./src/hotspot/share/interpreter/linkResolver.cpp, line 773]
Event: 0.387 Thread 0x000002bf265ae000 Exception <a 'java/lang/NoSuchMethodError'{0x000000008ebeb278}: 'void java.lang.invoke.DelegatingMethodHandle$Holder.delegate(java.lang.Object, java.lang.Object, int, java.lang.Object)'> (0x000000008ebeb278) thrown at [./src/hotspot/share/interpreter/linkResolver.cpp, line 773]
Event: 0.815 Thread 0x000002bf265ae000 Exception <a 'java/security/PrivilegedActionException'{0x000000008d5b8a90}> (0x000000008d5b8a90) thrown at [./src/hotspot/share/prims/jvm.cpp, line 1306]
Event: 0.815 Thread 0x000002bf265ae000 Exception <a 'java/security/PrivilegedActionException'{0x000000008d5b9008}> (0x000000008d5b9008) thrown at [./src/hotspot/share/prims/jvm.cpp, line 1306]
Event: 0.968 Thread 0x000002bf265ae000 Exception <a 'java/lang/NoSuchMethodError'{0x000000008c3825a8}: 'java.lang.Object java.lang.invoke.DirectMethodHandle$Holder.invokeStaticInit(java.lang.Object, java.lang.Object, java.lang.Object)'> (0x000000008c3825a8) thrown at [./src/hotspot/share/interpreter/linkResolver.cpp, line 773]
Event: 1.064 Thread 0x000002bf265ae000 Exception <a 'java/lang/NoSuchMethodError'{0x000000008bc0c6d8}: 'java.lang.Object java.lang.invoke.DirectMethodHandle$Holder.invokeStaticInit(java.lang.Object, int, int, int, int)'> (0x000000008bc0c6d8) thrown at [./src/hotspot/share/interpreter/linkResolver.cpp, line 773]
Event: 1.230 Thread 0x000002bf265ae000 Exception <a 'java/lang/NoSuchMethodError'{0x000000008bcee610}: 'java.lang.Object java.lang.invoke.DirectMethodHandle$Holder.invokeStaticInit(java.lang.Object, java.lang.Object, int, int, int, int)'> (0x000000008bcee610) thrown at [./src/hotspot/share/interpreter/linkResolver.cpp, line 773]
Event: 1.516 Thread 0x000002bf265ae000 Exception <a 'java/io/IOException'{0x000000008bacc0b8}> (0x000000008bacc0b8) thrown at [./src/hotspot/share/prims/jni.cpp, line 616]
Event: 1.602 Thread 0x000002bf433d8800 Exception <a 'java/lang/NoSuchMethodError'{0x000000008b3f8570}: 'long java.lang.invoke.DirectMethodHandle$Holder.invokeInterface(java.lang.Object, java.lang.Object)'> (0x000000008b3f8570) thrown at [./src/hotspot/share/interpreter/linkResolver.cpp, line 773]
Event: 1.603 Thread 0x000002bf433d8800 Exception <a 'java/lang/NoSuchMethodError'{0x000000008b205da0}: 'void java.lang.invoke.DelegatingMethodHandle$Holder.reinvoke_L(java.lang.Object, java.lang.Object, java.lang.Object, java.lang.Object, java.lang.Object, java.lang.Object, java.lang.Object)'> (0x000000008b205da0) thrown at [./src/hotspot/share/interpreter/linkResolver.cpp, line 773]
Event: 1.848 Thread 0x000002bf433d8800 Exception <a 'java/lang/NoSuchMethodError'{0x0000000089884908}: 'void java.lang.invoke.DirectMethodHandle$Holder.invokeStaticInit(java.lang.Object)'> (0x0000000089884908) thrown at [./src/hotspot/share/interpreter/linkResolver.cpp, line 773]
Event: 1.857 Thread 0x000002bf433d8800 Exception <a 'java/lang/NoSuchMethodError'{0x0000000089731658}: 'java.lang.Object java.lang.invoke.DirectMethodHandle$Holder.invokeStatic(java.lang.Object, java.lang.Object, java.lang.Object, int)'> (0x0000000089731658) thrown at [./src/hotspot/share/interpreter/linkResolver.cpp, line 773]
Event: 1.857 Thread 0x000002bf433d8800 Exception <a 'java/lang/NoSuchMethodError'{0x0000000089735d70}: 'java.lang.Object java.lang.invoke.DirectMethodHandle$Holder.invokeSpecial(java.lang.Object, java.lang.Object, java.lang.Object, java.lang.Object, int)'> (0x0000000089735d70) thrown at [./src/hotspot/share/interpreter/linkResolver.cpp, line 773]
Event: 1.857 Thread 0x000002bf433d8800 Exception <a 'java/lang/NoSuchMethodError'{0x0000000089739ca8}: 'java.lang.Object java.lang.invoke.Invokers$Holder.linkToTargetMethod(java.lang.Object, java.lang.Object, int, java.lang.Object)'> (0x0000000089739ca8) thrown at [./src/hotspot/share/interpreter/linkResolver.cpp, line 773]
Event: 1.971 Thread 0x000002bf433d8800 Exception <a 'java/lang/NoSuchMethodError'{0x000000008fdd3230}: 'int java.lang.invoke.DirectMethodHandle$Holder.invokeSpecialIFC(java.lang.Object, java.lang.Object, java.lang.Object, java.lang.Object)'> (0x000000008fdd3230) thrown at [./src/hotspot/share/interpreter/linkResolver.cpp, line 773]
Event: 1.972 Thread 0x000002bf433d8800 Exception <a 'java/lang/NoSuchMethodError'{0x000000008fde1478}: 'java.lang.Object java.lang.invoke.DirectMethodHandle$Holder.invokeInterface(java.lang.Object, java.lang.Object, java.lang.Object)'> (0x000000008fde1478) thrown at [./src/hotspot/share/interpreter/linkResolver.cpp, line 773]
Event: 1.973 Thread 0x000002bf433d8800 Exception <a 'java/lang/IncompatibleClassChangeError'{0x000000008fde4950}: Found class java.lang.Object, but interface was expected> (0x000000008fde4950) thrown at [./src/hotspot/share/interpreter/linkResolver.cpp, line 839]

Events (20 events):
Event: 1.982 loading class org/gradle/tooling/internal/provider/serialization/DeserializeMap
Event: 1.982 loading class org/gradle/tooling/internal/provider/serialization/DeserializeMap done
Event: 1.982 loading class org/gradle/tooling/internal/provider/serialization/ClassLoaderDetails
Event: 1.982 loading class org/gradle/tooling/internal/provider/serialization/ClassLoaderDetails done
Event: 1.983 loading class org/gradle/tooling/internal/provider/serialization/DefaultPayloadClassLoaderRegistry
Event: 1.983 loading class org/gradle/tooling/internal/provider/serialization/DefaultPayloadClassLoaderRegistry done
Event: 1.983 loading class org/gradle/tooling/internal/provider/serialization/DefaultPayloadClassLoaderRegistry$ClassLoaderToDetailsTransformer
Event: 1.983 loading class org/gradle/tooling/internal/provider/serialization/DefaultPayloadClassLoaderRegistry$ClassLoaderToDetailsTransformer done
Event: 1.983 loading class org/gradle/tooling/internal/provider/serialization/DefaultPayloadClassLoaderRegistry$DetailsToClassLoaderTransformer
Event: 1.983 loading class org/gradle/tooling/internal/provider/serialization/DefaultPayloadClassLoaderRegistry$DetailsToClassLoaderTransformer done
Event: 1.984 loading class org/gradle/composite/internal/DefaultBuildableCompositeBuildContext
Event: 1.984 loading class org/gradle/composite/internal/DefaultBuildableCompositeBuildContext done
Event: 1.984 loading class org/gradle/api/internal/artifacts/DefaultImmutableModuleIdentifierFactory
Event: 1.984 loading class org/gradle/api/internal/artifacts/DefaultImmutableModuleIdentifierFactory done
Event: 1.986 loading class org/gradle/internal/typeconversion/CrossBuildCachingNotationConverter
Event: 1.986 loading class org/gradle/internal/typeconversion/CrossBuildCachingNotationConverter done
Event: 1.986 loading class org/gradle/api/internal/artifacts/ivyservice/dependencysubstitution/ModuleSelectorStringNotationConverter
Event: 1.986 loading class org/gradle/api/internal/artifacts/ivyservice/dependencysubstitution/ModuleSelectorStringNotationConverter done
Event: 1.986 loading class org/gradle/internal/typeconversion/TypedNotationConverter
Event: 1.986 loading class org/gradle/internal/typeconversion/TypedNotationConverter done


Dynamic libraries:
0x00007ff7f2d20000 - 0x00007ff7f2d2a000 	C:\Program Files\Android\Android Studio\jre\bin\java.exe
0x00007ffb4d980000 - 0x00007ffb4db89000 	C:\WINDOWS\SYSTEM32\ntdll.dll
0x00007ffb4bb80000 - 0x00007ffb4bc3d000 	C:\WINDOWS\System32\KERNEL32.DLL
0x00007ffb4b480000 - 0x00007ffb4b7fb000 	C:\WINDOWS\System32\KERNELBASE.dll
0x00007ffb4ae50000 - 0x00007ffb4af61000 	C:\WINDOWS\System32\ucrtbase.dll
0x00007ffb17aa0000 - 0x00007ffb17ab7000 	C:\Program Files\Android\Android Studio\jre\bin\VCRUNTIME140.dll
0x00007ffb17a80000 - 0x00007ffb17a99000 	C:\Program Files\Android\Android Studio\jre\bin\jli.dll
0x00007ffb4d5d0000 - 0x00007ffb4d77d000 	C:\WINDOWS\System32\USER32.dll
0x00007ffb4af70000 - 0x00007ffb4af96000 	C:\WINDOWS\System32\win32u.dll
0x00007ffb4c6a0000 - 0x00007ffb4c6c9000 	C:\WINDOWS\System32\GDI32.dll
0x00007ffb2dba0000 - 0x00007ffb2de45000 	C:\WINDOWS\WinSxS\amd64_microsoft.windows.common-controls_6595b64144ccf1df_6.0.22000.120_none_9d947278b86cc467\COMCTL32.dll
0x00007ffb4b360000 - 0x00007ffb4b478000 	C:\WINDOWS\System32\gdi32full.dll
0x00007ffb4bcc0000 - 0x00007ffb4bd63000 	C:\WINDOWS\System32\msvcrt.dll
0x00007ffb4b1d0000 - 0x00007ffb4b26d000 	C:\WINDOWS\System32\msvcp_win.dll
0x00007ffb4c450000 - 0x00007ffb4c481000 	C:\WINDOWS\System32\IMM32.DLL
0x00007ffae14c0000 - 0x00007ffae155d000 	C:\Program Files\Android\Android Studio\jre\bin\msvcp140.dll
0x00007ffae1b40000 - 0x00007ffae2642000 	C:\Program Files\Android\Android Studio\jre\bin\server\jvm.dll
0x00007ffb4c6d0000 - 0x00007ffb4c77e000 	C:\WINDOWS\System32\ADVAPI32.dll
0x00007ffb4d8a0000 - 0x00007ffb4d93e000 	C:\WINDOWS\System32\sechost.dll
0x00007ffb4d780000 - 0x00007ffb4d8a0000 	C:\WINDOWS\System32\RPCRT4.dll
0x00007ffb4c8e0000 - 0x00007ffb4c8e8000 	C:\WINDOWS\System32\PSAPI.DLL
0x00007ffb2e4a0000 - 0x00007ffb2e4a9000 	C:\WINDOWS\SYSTEM32\WSOCK32.dll
0x00007ffb416f0000 - 0x00007ffb41723000 	C:\WINDOWS\SYSTEM32\WINMM.dll
0x00007ffb40d70000 - 0x00007ffb40d7a000 	C:\WINDOWS\SYSTEM32\VERSION.dll
0x00007ffb4bd80000 - 0x00007ffb4bdef000 	C:\WINDOWS\System32\WS2_32.dll
0x00007ffb49fc0000 - 0x00007ffb49fd8000 	C:\WINDOWS\SYSTEM32\kernel.appcore.dll
0x00007ffb2d7a0000 - 0x00007ffb2d7b1000 	C:\Program Files\Android\Android Studio\jre\bin\verify.dll
0x00007ffb489f0000 - 0x00007ffb48c11000 	C:\WINDOWS\SYSTEM32\DBGHELP.DLL
0x00007ffb24ce0000 - 0x00007ffb24d11000 	C:\WINDOWS\SYSTEM32\dbgcore.DLL
0x00007ffb4b270000 - 0x00007ffb4b2ef000 	C:\WINDOWS\System32\bcryptPrimitives.dll
0x00007ffb2c5c0000 - 0x00007ffb2c5e9000 	C:\Program Files\Android\Android Studio\jre\bin\java.dll
0x00007ffb329a0000 - 0x00007ffb329ab000 	C:\Program Files\Android\Android Studio\jre\bin\jimage.dll
0x00007ffb2b1b0000 - 0x00007ffb2b1c8000 	C:\Program Files\Android\Android Studio\jre\bin\zip.dll
0x00007ffb4c9b0000 - 0x00007ffb4d168000 	C:\WINDOWS\System32\SHELL32.dll
0x00007ffb48f50000 - 0x00007ffb497b5000 	C:\WINDOWS\SYSTEM32\windows.storage.dll
0x00007ffb4b800000 - 0x00007ffb4bb77000 	C:\WINDOWS\System32\combase.dll
0x00007ffb48de0000 - 0x00007ffb48f46000 	C:\WINDOWS\SYSTEM32\wintypes.dll
0x00007ffb4bdf0000 - 0x00007ffb4beda000 	C:\WINDOWS\System32\SHCORE.dll
0x00007ffb4c880000 - 0x00007ffb4c8dd000 	C:\WINDOWS\System32\shlwapi.dll
0x00007ffb4ad80000 - 0x00007ffb4ada1000 	C:\WINDOWS\SYSTEM32\profapi.dll
0x00007ffb22510000 - 0x00007ffb2252a000 	C:\Program Files\Android\Android Studio\jre\bin\net.dll
0x00007ffb45630000 - 0x00007ffb4573c000 	C:\WINDOWS\SYSTEM32\WINHTTP.dll
0x00007ffb4a460000 - 0x00007ffb4a4c7000 	C:\WINDOWS\system32\mswsock.dll
0x00007ffb224f0000 - 0x00007ffb22504000 	C:\Program Files\Android\Android Studio\jre\bin\nio.dll
0x00007ffb2da20000 - 0x00007ffb2da47000 	C:\Users\Anish's Laptop\.gradle\native\e1d6ef7f7dcc3fd88c89a11ec53ec762bb8ba0a96d01ffa2cd45eb1d1d8dd5c5\windows-amd64\native-platform.dll
0x00007ffafa1e0000 - 0x00007ffafa324000 	C:\Users\Anish's Laptop\.gradle\native\0d407fdbe67a94daf76414ababcb853783967236a71b16ec16e742cd7a986fd3\windows-amd64\native-platform-file-events.dll
0x00007ffb2e950000 - 0x00007ffb2e95a000 	C:\Program Files\Android\Android Studio\jre\bin\management.dll
0x00007ffb2d710000 - 0x00007ffb2d71d000 	C:\Program Files\Android\Android Studio\jre\bin\management_ext.dll
0x00007ffb4a6a0000 - 0x00007ffb4a6b8000 	C:\WINDOWS\SYSTEM32\CRYPTSP.dll
0x00007ffb49f20000 - 0x00007ffb49f55000 	C:\WINDOWS\system32\rsaenh.dll
0x00007ffb4a550000 - 0x00007ffb4a579000 	C:\WINDOWS\SYSTEM32\USERENV.dll
0x00007ffb4a830000 - 0x00007ffb4a857000 	C:\WINDOWS\SYSTEM32\bcrypt.dll
0x00007ffb4a6c0000 - 0x00007ffb4a6cc000 	C:\WINDOWS\SYSTEM32\CRYPTBASE.dll
0x00007ffb49af0000 - 0x00007ffb49b1d000 	C:\WINDOWS\SYSTEM32\IPHLPAPI.DLL
0x00007ffb4c780000 - 0x00007ffb4c789000 	C:\WINDOWS\System32\NSI.dll
0x00007ffb40d80000 - 0x00007ffb40d99000 	C:\WINDOWS\SYSTEM32\dhcpcsvc6.DLL
0x00007ffb40e10000 - 0x00007ffb40e2e000 	C:\WINDOWS\SYSTEM32\dhcpcsvc.DLL
0x00007ffb49b20000 - 0x00007ffb49c08000 	C:\WINDOWS\SYSTEM32\DNSAPI.dll

dbghelp: loaded successfully - version: 4.0.5 - missing functions: none
symbol engine: initialized successfully - sym options: 0x614 - pdb path: .;C:\Program Files\Android\Android Studio\jre\bin;C:\WINDOWS\SYSTEM32;C:\WINDOWS\WinSxS\amd64_microsoft.windows.common-controls_6595b64144ccf1df_6.0.22000.120_none_9d947278b86cc467;C:\Program Files\Android\Android Studio\jre\bin\server;C:\Users\Anish's Laptop\.gradle\native\e1d6ef7f7dcc3fd88c89a11ec53ec762bb8ba0a96d01ffa2cd45eb1d1d8dd5c5\windows-amd64;C:\Users\Anish's Laptop\.gradle\native\0d407fdbe67a94daf76414ababcb853783967236a71b16ec16e742cd7a986fd3\windows-amd64

VM Arguments:
jvm_args: --add-opens=java.base/java.util=ALL-UNNAMED --add-opens=java.base/java.lang=ALL-UNNAMED --add-opens=java.base/java.lang.invoke=ALL-UNNAMED --add-opens=java.base/java.util=ALL-UNNAMED --add-opens=java.prefs/java.util.prefs=ALL-UNNAMED --add-opens=java.prefs/java.util.prefs=ALL-UNNAMED --add-opens=java.base/java.nio.charset=ALL-UNNAMED --add-opens=java.base/java.net=ALL-UNNAMED --add-opens=java.base/java.util.concurrent.atomic=ALL-UNNAMED -Xmx2048m -Dfile.encoding=UTF-8 -Duser.country=IN -Duser.language=en -Duser.variant 
java_command: org.gradle.launcher.daemon.bootstrap.GradleDaemon 7.4
java_class_path (initial): C:\Users\Anish's Laptop\.gradle\wrapper\dists\gradle-7.4-bin\c0gwcg53nkjbqw7r0h0umtfvt\gradle-7.4\lib\gradle-launcher-7.4.jar
Launcher Type: SUN_STANDARD

[Global flags]
     intx CICompilerCount                          = 4                                         {product} {ergonomic}
     uint ConcGCThreads                            = 2                                         {product} {ergonomic}
     uint G1ConcRefinementThreads                  = 8                                         {product} {ergonomic}
   size_t G1HeapRegionSize                         = 1048576                                   {product} {ergonomic}
    uintx GCDrainStackTargetSize                   = 64                                        {product} {ergonomic}
   size_t InitialHeapSize                          = 266338304                                 {product} {ergonomic}
   size_t MarkStackSize                            = 4194304                                   {product} {ergonomic}
   size_t MaxHeapSize                              = 2147483648                                {product} {command line}
   size_t MaxNewSize                               = 1287651328                                {product} {ergonomic}
   size_t MinHeapDeltaBytes                        = 1048576                                   {product} {ergonomic}
    uintx NonNMethodCodeHeapSize                   = 5836300                                {pd product} {ergonomic}
    uintx NonProfiledCodeHeapSize                  = 122910970                              {pd product} {ergonomic}
    uintx ProfiledCodeHeapSize                     = 122910970                              {pd product} {ergonomic}
    uintx ReservedCodeCacheSize                    = 251658240                              {pd product} {ergonomic}
     bool SegmentedCodeCache                       = true                                      {product} {ergonomic}
     bool UseCompressedClassPointers               = true                                 {lp64_product} {ergonomic}
     bool UseCompressedOops                        = true                                 {lp64_product} {ergonomic}
     bool UseG1GC                                  = true                                      {product} {ergonomic}
     bool UseLargePagesIndividualAllocation        = false                                  {pd product} {ergonomic}

Logging:
Log output configuration:
 #0: stdout all=warning uptime,level,tags
 #1: stderr all=off uptime,level,tags

Environment Variables:
PATH=C:\ProgramData\Oracle\Java\javapath;C:\Windows\system32;C:\Windows;C:\Windows\System32\Wbem;C:\Windows\System32\WindowsPowerShell\v1.0\;C:\Windows\System32\OpenSSH\;C:\Program Files (x86)\NVIDIA Corporation\PhysX\Common;C:\WINDOWS\system32;C:\WINDOWS;C:\WINDOWS\System32\Wbem;C:\WINDOWS\System32\WindowsPowerShell\v1.0\;C:\WINDOWS\System32\OpenSSH\;C:\Program Files (x86)\CMake\bin;C:\Program Files\Git\cmd;C:\Program Files\Git LFS;C:\Program Files\NVIDIA Corporation\NVIDIA NvDLISR;C:\Users\Anish's Laptop\AppData\Local\Microsoft\WindowsApps;D:\Microsoft VS Code\bin;C:\Users\Anish's Laptop\AppData\Local\GitHubDesktop\bin;C:\msys64\mingw64\bin;C:\Program Files\CMake\bin;C:\Users\Anish's Laptop\AppData\Local\Packages\PythonSoftwareFoundation.Python.3.9_qbz5n2kfra8p0\LocalCache\local-packages\Python39\Scripts;
USERNAME=Anish's Laptop
OS=Windows_NT
PROCESSOR_IDENTIFIER=Intel64 Family 6 Model 140 Stepping 1, GenuineIntel



---------------  S Y S T E M  ---------------

OS: Windows 11 , 64 bit Build 22000 (10.0.22000.708)
OS uptime: 19 days 12:06 hours

CPU:total 8 (initial active 8) (4 cores per cpu, 2 threads per core) family 6 model 140 stepping 1 microcode 0x9a, cmov, cx8, fxsr, mmx, sse, sse2, sse3, ssse3, sse4.1, sse4.2, popcnt, avx, avx2, aes, clmul, erms, 3dnowpref, lzcnt, ht, tsc, tscinvbit, bmi1, bmi2, adx, evex, sha, fma

Memory: 4k page, system-wide physical 16167M (357M free)
TotalPageFile size 50896M (AvailPageFile size 5M)
current process WorkingSet (physical memory assigned to process): 232M, peak: 232M
current process commit charge ("private bytes"): 400M, peak: 401M

vm_info: OpenJDK 64-Bit Server VM (11.0.13+0-b1751.21-8125866) for windows-amd64 JRE (11.0.13+0-b1751.21-8125866), built on Feb  2 2022 03:00:22 by "builder" with MS VC++ 14.0 (VS2015)

END.
